<?xml version="1.0" encoding="UTF-8"?>
<robot generator="Rebot 6.1.1 (Python 3.12.0 on win32)" generated="20231124 15:59:50.411" rpa="false" schemaversion="4">
<suite id="s1" name="Examples" source="C:\Users\ak213\Documents\BeginnersGuide\Examples">
<suite id="s1-s1" name="My First" source="C:\Users\ak213\Documents\BeginnersGuide\Examples\my_first.robot">
<test id="s1-s1-t1" name="My First Robot Test" line="3">
<kw name="Log To Console" library="BuiltIn">
<arg>Hello Robot World!</arg>
<doc>Logs the given message to the console.</doc>
<status status="PASS" starttime="20231124 15:59:49.988" endtime="20231124 15:59:49.988"/>
</kw>
<tag>my_first</tag>
<status status="PASS" starttime="20231124 15:59:49.988" endtime="20231124 15:59:49.988"/>
</test>
<status status="PASS" starttime="20231124 15:59:49.988" endtime="20231124 15:59:49.988"/>
</suite>
<suite id="s1-s2" name="My Second" source="C:\Users\ak213\Documents\BeginnersGuide\Examples\my_second.robot">
<test id="s1-s2-t1" name="My Second Robot Test" line="6">
<kw name="Create File" library="OperatingSystem">
<arg>new_file.txt</arg>
<arg>Hello World!</arg>
<doc>Creates a file with the given content and encoding.</doc>
<msg timestamp="20231124 15:59:50.019" level="INFO" html="true">Created file '&lt;a href="file://C:\Users\ak213\Documents\BeginnersGuide\new_file.txt"&gt;C:\Users\ak213\Documents\BeginnersGuide\new_file.txt&lt;/a&gt;'.</msg>
<status status="PASS" starttime="20231124 15:59:50.004" endtime="20231124 15:59:50.019"/>
</kw>
<tag>my_second</tag>
<status status="PASS" starttime="20231124 15:59:50.004" endtime="20231124 15:59:50.019"/>
</test>
<status status="PASS" starttime="20231124 15:59:50.004" endtime="20231124 15:59:50.019"/>
</suite>
<suite id="s1-s3" name="My Third" source="C:\Users\ak213\Documents\BeginnersGuide\Examples\my_third.robot">
<test id="s1-s3-t1" name="My Third Robot Test" line="10">
<kw name="Create File" library="OperatingSystem">
<arg>new_file.txt</arg>
<arg>${GOOD_TEXT}</arg>
<doc>Creates a file with the given content and encoding.</doc>
<msg timestamp="20231124 15:59:50.004" level="INFO" html="true">Created file '&lt;a href="file://C:\Users\ak213\Documents\BeginnersGuide\new_file.txt"&gt;C:\Users\ak213\Documents\BeginnersGuide\new_file.txt&lt;/a&gt;'.</msg>
<status status="PASS" starttime="20231124 15:59:49.988" endtime="20231124 15:59:50.004"/>
</kw>
<kw name="File Should Not Be Empty" library="OperatingSystem">
<arg>new_file.txt</arg>
<doc>Fails if the specified file is empty.</doc>
<msg timestamp="20231124 15:59:50.004" level="INFO" html="true">File '&lt;a href="file://C:\Users\ak213\Documents\BeginnersGuide\new_file.txt"&gt;C:\Users\ak213\Documents\BeginnersGuide\new_file.txt&lt;/a&gt;' contains 18 bytes.</msg>
<status status="PASS" starttime="20231124 15:59:50.004" endtime="20231124 15:59:50.004"/>
</kw>
<tag>my_third</tag>
<status status="PASS" starttime="20231124 15:59:49.988" endtime="20231124 15:59:50.004"/>
</test>
<status status="PASS" starttime="20231124 15:59:49.988" endtime="20231124 15:59:50.004"/>
</suite>
<doc>[https://pabot.org/?ref=log|Pabot] result from 3 executions.</doc>
<status status="PASS" starttime="20231124 15:59:49.957" endtime="20231124 15:59:50.019"/>
</suite>
<statistics>
<total>
<stat pass="3" fail="0" skip="0">All Tests</stat>
</total>
<tag>
<stat pass="1" fail="0" skip="0">my_first</stat>
<stat pass="1" fail="0" skip="0">my_second</stat>
<stat pass="1" fail="0" skip="0">my_third</stat>
</tag>
<suite>
<stat pass="3" fail="0" skip="0" id="s1" name="Examples">Examples</stat>
<stat pass="1" fail="0" skip="0" id="s1-s1" name="My First">Examples.My First</stat>
<stat pass="1" fail="0" skip="0" id="s1-s2" name="My Second">Examples.My Second</stat>
<stat pass="1" fail="0" skip="0" id="s1-s3" name="My Third">Examples.My Third</stat>
</suite>
</statistics>
<errors>
</errors>
</robot>
