<?xml version="1.0" encoding="UTF-8"?>
<robot generator="Robot 6.1.1 (Python 3.12.0 on win32)" generated="20231124 15:59:49.957" rpa="false" schemaversion="4">
<suite id="s1" name="Examples" source="C:\Users\ak213\Documents\BeginnersGuide\Examples">
<suite id="s1-s1" name="My First" source="C:\Users\ak213\Documents\BeginnersGuide\Examples\my_first.robot">
<test id="s1-s1-t1" name="My First Robot Test" line="3">
<kw name="Log To Console" library="BuiltIn">
<arg>Hello Robot World!</arg>
<doc>Logs the given message to the console.</doc>
<status status="PASS" starttime="20231124 15:59:49.988" endtime="20231124 15:59:49.988"/>
</kw>
<tag>my_first</tag>
<status status="PASS" starttime="20231124 15:59:49.988" endtime="20231124 15:59:49.988"/>
</test>
<status status="PASS" starttime="20231124 15:59:49.988" endtime="20231124 15:59:49.988"/>
</suite>
<status status="PASS" starttime="20231124 15:59:49.957" endtime="20231124 15:59:49.988"/>
</suite>
<statistics>
<total>
<stat pass="1" fail="0" skip="0">All Tests</stat>
</total>
<tag>
<stat pass="1" fail="0" skip="0">my_first</stat>
</tag>
<suite>
<stat pass="1" fail="0" skip="0" id="s1" name="Examples">Examples</stat>
<stat pass="1" fail="0" skip="0" id="s1-s1" name="My First">Examples.My First</stat>
</suite>
</statistics>
<errors>
</errors>
</robot>
